TN:
SF:contracts/core/Allo.sol
FN:80,Allo.initialize
FNDA:0,Allo.initialize
DA:87,0
DA:89,0
DA:90,0
DA:91,0
DA:92,0
DA:93,0
FN:126,Allo.createPoolWithCustomStrategy
FNDA:0,Allo.createPoolWithCustomStrategy
DA:135,0
BRDA:135,0,0,-
BRDA:135,0,1,-
DA:136,0
DA:138,0
BRDA:138,1,0,-
BRDA:138,1,1,-
DA:139,0
DA:142,0
FN:152,Allo.createPool
FNDA:0,Allo.createPool
DA:161,0
BRDA:161,2,0,-
BRDA:161,2,1,-
DA:162,0
DA:165,0
FN:180,Allo.updatePoolMetadata
FNDA:0,Allo.updatePoolMetadata
DA:181,0
DA:182,0
DA:184,0
FN:190,Allo.updateRegistry
FNDA:0,Allo.updateRegistry
DA:191,0
FN:197,Allo.updateTreasury
FNDA:0,Allo.updateTreasury
DA:198,0
FN:204,Allo.updateFeePercentage
FNDA:0,Allo.updateFeePercentage
DA:205,0
FN:211,Allo.updateBaseFee
FNDA:0,Allo.updateBaseFee
DA:212,0
FN:218,Allo.updateFeeSkirtingBountyPercentage
FNDA:0,Allo.updateFeeSkirtingBountyPercentage
DA:219,0
FN:225,Allo.addToApprovedStrategies
FNDA:0,Allo.addToApprovedStrategies
DA:226,0
BRDA:226,3,0,-
BRDA:226,3,1,-
DA:227,0
DA:229,0
DA:230,0
FN:236,Allo.removeFromApprovedStrategies
FNDA:0,Allo.removeFromApprovedStrategies
DA:237,0
DA:238,0
FN:244,Allo.addPoolManager
FNDA:0,Allo.addPoolManager
DA:245,0
BRDA:245,4,0,-
BRDA:245,4,1,-
DA:246,0
DA:248,0
FN:254,Allo.removePoolManager
FNDA:0,Allo.removePoolManager
DA:255,0
FN:261,Allo.recoverFunds
FNDA:0,Allo.recoverFunds
DA:262,0
DA:263,0
FN:266,Allo.decreasePoolTotalFunding
FNDA:0,Allo.decreasePoolTotalFunding
DA:267,0
DA:268,0
BRDA:268,5,0,-
BRDA:268,5,1,-
DA:269,0
DA:271,0
DA:272,0
DA:273,0
DA:274,0
FN:285,Allo.registerRecipient
FNDA:0,Allo.registerRecipient
DA:286,0
FN:293,Allo.batchRegisterRecipient
FNDA:0,Allo.batchRegisterRecipient
DA:297,0
DA:298,0
DA:300,0
BRDA:300,6,0,-
BRDA:300,6,1,-
DA:301,0
DA:304,0
DA:305,0
DA:307,0
DA:311,0
FN:319,Allo.fundPool
FNDA:0,Allo.fundPool
DA:320,0
BRDA:320,7,0,-
BRDA:320,7,1,-
DA:321,0
DA:323,0
FN:329,Allo.allocate
FNDA:1,Allo.allocate
DA:330,1
FN:336,Allo.batchAllocate
FNDA:0,Allo.batchAllocate
DA:337,0
DA:338,0
BRDA:338,8,0,-
BRDA:338,8,1,-
DA:339,0
DA:341,0
DA:342,0
DA:344,0
FN:352,Allo.distribute
FNDA:0,Allo.distribute
DA:353,0
FN:368,Allo._createPool
FNDA:0,Allo._createPool
DA:377,0
BRDA:377,9,0,-
BRDA:377,9,1,-
DA:378,0
DA:381,0
DA:384,0
DA:385,0
DA:387,0
DA:397,0
DA:400,0
DA:402,0
DA:406,0
DA:408,0
BRDA:408,10,0,-
BRDA:408,10,1,-
DA:409,0
DA:413,0
DA:414,0
DA:415,0
DA:416,0
BRDA:416,11,0,-
BRDA:416,11,1,-
DA:417,0
DA:419,0
DA:421,0
DA:425,0
BRDA:425,12,0,-
BRDA:425,12,1,-
DA:429,0
BRDA:429,13,0,-
BRDA:429,13,1,-
DA:430,0
DA:432,0
DA:433,0
DA:436,0
BRDA:436,14,0,-
BRDA:436,14,1,-
DA:437,0
DA:440,0
FN:446,Allo._allocate
FNDA:1,Allo._allocate
DA:447,1
FN:455,Allo._fundPool
FNDA:0,Allo._fundPool
DA:456,0
DA:457,0
DA:459,0
DA:461,0
BRDA:461,15,0,-
BRDA:461,15,1,-
DA:462,0
DA:465,0
BRDA:465,16,0,-
BRDA:465,16,1,-
DA:466,0
DA:467,0
DA:469,0
DA:472,0
DA:473,0
DA:475,0
FN:480,Allo._isApprovedStrategy
FNDA:0,Allo._isApprovedStrategy
DA:481,0
FN:488,Allo._isPoolAdmin
FNDA:0,Allo._isPoolAdmin
DA:489,0
FN:496,Allo._isPoolManager
FNDA:0,Allo._isPoolManager
DA:497,0
FN:502,Allo._updateRegistry
FNDA:0,Allo._updateRegistry
DA:503,0
BRDA:503,17,0,-
BRDA:503,17,1,-
DA:504,0
DA:506,0
DA:507,0
FN:512,Allo._updateTreasury
FNDA:0,Allo._updateTreasury
DA:513,0
BRDA:513,18,0,-
BRDA:513,18,1,-
DA:514,0
DA:516,0
DA:517,0
FN:522,Allo._updateFeePercentage
FNDA:0,Allo._updateFeePercentage
DA:523,0
BRDA:523,19,0,-
BRDA:523,19,1,-
DA:524,0
DA:526,0
DA:528,0
FN:533,Allo._updateBaseFee
FNDA:0,Allo._updateBaseFee
DA:534,0
DA:535,0
FN:540,Allo._updateFeeSkirtingBountyPercentage
FNDA:0,Allo._updateFeeSkirtingBountyPercentage
DA:541,0
BRDA:541,20,0,-
BRDA:541,20,1,-
DA:542,0
DA:544,0
DA:546,0
FN:557,Allo.isPoolAdmin
FNDA:0,Allo.isPoolAdmin
DA:558,0
FN:565,Allo.isPoolManager
FNDA:0,Allo.isPoolManager
DA:566,0
FN:572,Allo.getStrategy
FNDA:0,Allo.getStrategy
DA:573,0
FN:577,Allo.getFeePercentage
FNDA:0,Allo.getFeePercentage
DA:578,0
FN:582,Allo.getBaseFee
FNDA:0,Allo.getBaseFee
DA:583,0
FN:587,Allo.getTreasury
FNDA:0,Allo.getTreasury
DA:588,0
FN:592,Allo.getRegistry
FNDA:0,Allo.getRegistry
DA:593,0
FN:597,Allo.isApprovedStrategies
FNDA:0,Allo.isApprovedStrategies
DA:598,0
FN:602,Allo.getFeeSkirtingBountyPercentage
FNDA:0,Allo.getFeeSkirtingBountyPercentage
DA:603,0
FN:607,Allo.getPool
FNDA:0,Allo.getPool
DA:608,0
FNF:42
FNH:2
LF:132
LH:2
BRF:42
BRH:0
end_of_record
TN:
SF:contracts/core/Aqueduct.sol
FN:19,Aqueduct.createPool
FNDA:0,Aqueduct.createPool
FNF:1
FNH:0
LF:0
LH:0
BRF:0
BRH:0
end_of_record
TN:
SF:contracts/core/Registry.sol
FN:57,Registry.getIdentityById
FNDA:4,Registry.getIdentityById
DA:58,4
FN:63,Registry.getIdentityByAnchor
FNDA:1,Registry.getIdentityByAnchor
DA:64,1
DA:65,1
FN:75,Registry.createIdentity
FNDA:20,Registry.createIdentity
DA:82,20
DA:84,20
BRDA:84,0,0,1
BRDA:84,0,1,19
DA:85,1
DA:88,19
BRDA:88,1,0,-
BRDA:88,1,1,19
DA:89,0
DA:92,19
DA:101,19
DA:102,19
DA:105,19
DA:106,19
DA:107,24
DA:108,24
BRDA:108,2,0,-
BRDA:108,2,1,24
DA:109,0
DA:111,24
DA:113,24
DA:117,19
DA:121,19
FN:128,Registry.updateIdentityName
FNDA:4,Registry.updateIdentityName
DA:133,1
DA:135,1
DA:136,1
DA:139,1
DA:142,1
DA:143,1
DA:145,1
DA:148,1
FN:155,Registry.updateIdentityMetadata
FNDA:3,Registry.updateIdentityMetadata
DA:159,1
DA:161,1
FN:167,Registry.isOwnerOrMemberOfIdentity
FNDA:3,Registry.isOwnerOrMemberOfIdentity
DA:168,3
FN:174,Registry.isOwnerOfIdentity
FNDA:7,Registry.isOwnerOfIdentity
DA:175,28
FN:181,Registry.isMemberOfIdentity
FNDA:12,Registry.isMemberOfIdentity
DA:182,14
FN:188,Registry.updateIdentityPendingOwner
FNDA:4,Registry.updateIdentityPendingOwner
DA:192,3
DA:194,3
FN:200,Registry.acceptIdentityOwnership
FNDA:3,Registry.acceptIdentityOwnership
DA:201,3
DA:202,3
DA:204,3
BRDA:204,3,0,2
BRDA:204,3,1,1
DA:205,2
DA:208,1
DA:209,1
DA:211,1
FN:218,Registry.addMembers
FNDA:3,Registry.addMembers
DA:219,1
DA:221,1
DA:222,2
DA:223,2
BRDA:223,4,0,-
BRDA:223,4,1,2
DA:224,0
DA:226,2
DA:228,2
FN:237,Registry.removeMembers
FNDA:4,Registry.removeMembers
DA:238,2
DA:240,2
DA:241,4
DA:243,4
FN:255,Registry._generateAnchor
FNDA:20,Registry._generateAnchor
DA:256,20
DA:257,20
FN:262,Registry._generateIdentityId
FNDA:20,Registry._generateIdentityId
DA:263,20
FN:269,Registry.recoverFunds
FNDA:3,Registry.recoverFunds
DA:270,3
BRDA:270,5,0,1
BRDA:270,5,1,2
DA:271,1
DA:273,2
DA:274,1
FNF:15
FNH:15
LF:60
LH:57
BRF:12
BRH:9
end_of_record
TN:
SF:contracts/core/libraries/Clone.sol
FN:15,Clone.createClone
FNDA:0,Clone.createClone
DA:16,0
BRDA:16,0,0,-
BRDA:16,0,1,-
DA:17,0
DA:19,0
DA:20,0
FN:25,Clone._isContract
FNDA:0,Clone._isContract
DA:26,0
DA:28,0
DA:30,0
FNF:2
FNH:0
LF:7
LH:0
BRF:2
BRH:0
end_of_record
TN:
SF:contracts/core/libraries/Transfer.sol
FN:19,Transfer._transferAmountsFrom
FNDA:0,Transfer._transferAmountsFrom
DA:20,0
DA:22,0
DA:23,0
DA:25,0
BRDA:25,0,0,-
BRDA:25,0,1,-
DA:26,0
DA:27,0
DA:29,0
DA:33,0
DA:37,0
BRDA:37,1,0,-
BRDA:37,1,1,-
DA:38,0
DA:41,0
FN:47,Transfer._transferAmountFrom
FNDA:0,Transfer._transferAmountFrom
DA:48,0
DA:49,0
BRDA:49,2,0,-
BRDA:49,2,1,-
DA:51,0
BRDA:51,3,0,-
BRDA:51,3,1,-
DA:52,0
DA:54,0
DA:56,0
DA:58,0
FN:61,Transfer._transferAmount
FNDA:1,Transfer._transferAmount
DA:62,1
BRDA:62,4,0,-
BRDA:62,4,1,1
DA:63,0
DA:65,1
FNF:3
FNH:1
LF:21
LH:2
BRF:10
BRH:1
end_of_record
TN:
SF:contracts/strategies/BaseStrategy.sol
FN:69,BaseStrategy.getAllo
FNDA:0,BaseStrategy.getAllo
DA:70,0
FN:73,BaseStrategy.getPoolId
FNDA:0,BaseStrategy.getPoolId
DA:74,0
FN:77,BaseStrategy.getStrategyId
FNDA:0,BaseStrategy.getStrategyId
DA:78,0
FN:81,BaseStrategy.isPoolActive
FNDA:0,BaseStrategy.isPoolActive
DA:82,0
FN:92,BaseStrategy.__BaseStrategy_init
FNDA:0,BaseStrategy.__BaseStrategy_init
DA:93,0
BRDA:93,0,0,-
BRDA:93,0,1,-
DA:94,0
DA:96,0
FN:99,BaseStrategy.skim
FNDA:0,BaseStrategy.skim
DA:100,0
DA:101,0
DA:103,0
DA:105,0
BRDA:105,1,0,-
BRDA:105,1,1,-
DA:106,0
DA:107,0
DA:108,0
DA:109,0
DA:110,0
DA:111,0
FN:115,BaseStrategy.registerRecipient
FNDA:0,BaseStrategy.registerRecipient
DA:122,0
FN:125,BaseStrategy.allocate
FNDA:1,BaseStrategy.allocate
DA:126,1
FN:129,BaseStrategy.distribute
FNDA:0,BaseStrategy.distribute
DA:134,0
FN:142,BaseStrategy._setPoolActive
FNDA:0,BaseStrategy._setPoolActive
DA:143,0
DA:144,0
FN:148,BaseStrategy._isPoolActive
FNDA:0,BaseStrategy._isPoolActive
DA:149,0
FNF:11
FNH:1
LF:23
LH:1
BRF:4
BRH:0
end_of_record
TN:
SF:contracts/strategies/direct-grants-simple/DirectGrantsSimpleStrategy.sol
FN:91,DirectGrantsSimpleStrategy.initialize
FNDA:0,DirectGrantsSimpleStrategy.initialize
DA:92,0
DA:93,0
DA:94,0
FN:97,DirectGrantsSimpleStrategy.__DirectGrantsSimpleStrategy_init
FNDA:0,DirectGrantsSimpleStrategy.__DirectGrantsSimpleStrategy_init
DA:103,0
DA:104,0
DA:105,0
DA:106,0
DA:107,0
FN:115,DirectGrantsSimpleStrategy.getRecipient
FNDA:0,DirectGrantsSimpleStrategy.getRecipient
DA:116,0
FN:121,DirectGrantsSimpleStrategy.getInternalRecipientStatus
FNDA:0,DirectGrantsSimpleStrategy.getInternalRecipientStatus
DA:122,0
FN:127,DirectGrantsSimpleStrategy.getRecipientStatus
FNDA:0,DirectGrantsSimpleStrategy.getRecipientStatus
DA:128,0
DA:129,0
BRDA:129,0,0,-
BRDA:129,0,1,-
DA:130,0
DA:132,0
FN:137,DirectGrantsSimpleStrategy.getPayouts
FNDA:0,DirectGrantsSimpleStrategy.getPayouts
DA:142,0
DA:144,0
DA:146,0
DA:147,0
DA:149,0
FN:156,DirectGrantsSimpleStrategy.isValidAllocator
FNDA:0,DirectGrantsSimpleStrategy.isValidAllocator
DA:157,0
FN:163,DirectGrantsSimpleStrategy.getMilestoneStatus
FNDA:0,DirectGrantsSimpleStrategy.getMilestoneStatus
DA:164,0
FN:174,DirectGrantsSimpleStrategy.setMilestones
FNDA:0,DirectGrantsSimpleStrategy.setMilestones
DA:175,0
BRDA:175,1,0,-
BRDA:175,1,1,-
DA:176,0
DA:179,0
DA:181,0
DA:182,0
DA:183,0
DA:184,0
DA:187,0
DA:191,0
BRDA:191,2,0,-
BRDA:191,2,1,-
DA:192,0
DA:195,0
FN:201,DirectGrantsSimpleStrategy.submitMilestone
FNDA:0,DirectGrantsSimpleStrategy.submitMilestone
DA:202,0
BRDA:202,3,0,-
BRDA:202,3,1,-
DA:203,0
DA:206,0
DA:208,0
BRDA:208,4,0,-
BRDA:208,4,1,-
DA:209,0
DA:212,0
DA:214,0
BRDA:214,5,0,-
BRDA:214,5,1,-
DA:215,0
DA:218,0
DA:219,0
DA:221,0
FN:227,DirectGrantsSimpleStrategy.rejectMilestone
FNDA:0,DirectGrantsSimpleStrategy.rejectMilestone
DA:228,0
DA:229,0
BRDA:229,6,0,-
BRDA:229,6,1,-
DA:230,0
DA:233,0
DA:234,0
FN:239,DirectGrantsSimpleStrategy.setIntenalRecipientStatusToInReview
FNDA:0,DirectGrantsSimpleStrategy.setIntenalRecipientStatusToInReview
DA:243,0
DA:244,0
DA:245,0
DA:246,0
DA:248,0
DA:251,0
FN:258,DirectGrantsSimpleStrategy.withdraw
FNDA:0,DirectGrantsSimpleStrategy.withdraw
DA:259,0
DA:260,0
FN:270,DirectGrantsSimpleStrategy._registerRecipient
FNDA:0,DirectGrantsSimpleStrategy._registerRecipient
DA:276,0
DA:277,0
DA:278,0
DA:279,0
DA:282,0
BRDA:282,7,0,-
BRDA:282,7,1,-
DA:283,0
DA:286,0
BRDA:286,8,0,-
BRDA:286,8,1,-
DA:287,0
DA:290,0
DA:292,0
DA:293,0
BRDA:293,9,0,-
BRDA:293,9,1,-
DA:294,0
DA:298,0
BRDA:298,10,0,-
BRDA:298,10,1,-
DA:299,0
DA:301,0
BRDA:301,11,0,-
BRDA:301,11,1,-
DA:302,0
DA:305,0
BRDA:305,12,0,-
BRDA:305,12,1,-
DA:306,0
DA:309,0
DA:317,0
DA:319,0
FN:325,DirectGrantsSimpleStrategy._allocate
FNDA:0,DirectGrantsSimpleStrategy._allocate
DA:332,0
DA:333,0
DA:335,0
BRDA:335,13,0,-
BRDA:335,13,1,-
DA:336,0
DA:339,0
DA:342,0
DA:343,0
BRDA:341,14,0,-
BRDA:341,14,1,-
DA:345,0
DA:346,0
DA:348,0
BRDA:348,15,0,-
BRDA:348,15,1,-
DA:349,0
DA:352,0
DA:353,0
DA:355,0
DA:356,0
DA:358,0
DA:359,0
BRDA:357,16,0,-
BRDA:357,16,1,-
DA:361,0
DA:362,0
FN:368,DirectGrantsSimpleStrategy._distribute
FNDA:0,DirectGrantsSimpleStrategy._distribute
DA:374,0
DA:375,0
DA:376,0
DA:378,0
FN:383,DirectGrantsSimpleStrategy._distributeUpcomingMilestone
FNDA:0,DirectGrantsSimpleStrategy._distributeUpcomingMilestone
DA:384,0
DA:385,0
DA:387,0
DA:388,0
DA:391,0
DA:392,0
BRDA:390,17,0,-
BRDA:390,17,1,-
DA:394,0
DA:397,0
DA:399,0
DA:401,0
DA:402,0
DA:404,0
DA:406,0
DA:408,0
DA:409,0
FN:415,DirectGrantsSimpleStrategy._isIdentityMember
FNDA:0,DirectGrantsSimpleStrategy._isIdentityMember
DA:416,0
DA:417,0
DA:418,0
FN:423,DirectGrantsSimpleStrategy._getRecipient
FNDA:0,DirectGrantsSimpleStrategy._getRecipient
DA:424,0
FNF:19
FNH:0
LF:119
LH:0
BRF:36
BRH:0
end_of_record
TN:
SF:contracts/strategies/donation-voting/DonationVotingStrategy.sol
FN:125,DonationVotingStrategy.initialize
FNDA:0,DonationVotingStrategy.initialize
DA:126,0
DA:134,0
DA:135,0
FN:147,DonationVotingStrategy.__DonationVotingStrategy_init
FNDA:0,DonationVotingStrategy.__DonationVotingStrategy_init
DA:157,0
DA:158,0
DA:159,0
DA:162,0
DA:163,0
BRDA:161,0,0,-
BRDA:161,0,1,-
DA:165,0
DA:168,0
DA:169,0
DA:170,0
DA:171,0
DA:173,0
DA:177,0
DA:179,0
BRDA:179,1,0,-
BRDA:179,1,1,-
DA:181,0
DA:184,0
DA:185,0
FN:195,DonationVotingStrategy.getRecipient
FNDA:0,DonationVotingStrategy.getRecipient
DA:196,0
FN:201,DonationVotingStrategy.getInternalRecipientStatus
FNDA:0,DonationVotingStrategy.getInternalRecipientStatus
DA:202,0
FN:207,DonationVotingStrategy.getRecipientStatus
FNDA:0,DonationVotingStrategy.getRecipientStatus
DA:208,0
DA:209,0
BRDA:209,2,0,-
BRDA:209,2,1,-
DA:210,0
DA:212,0
FN:217,DonationVotingStrategy.getPayouts
FNDA:0,DonationVotingStrategy.getPayouts
DA:222,0
DA:224,0
DA:226,0
DA:227,0
DA:229,0
FN:235,DonationVotingStrategy.isValidAllocator
FNDA:0,DonationVotingStrategy.isValidAllocator
DA:236,0
FN:246,DonationVotingStrategy.reviewRecipients
FNDA:0,DonationVotingStrategy.reviewRecipients
DA:251,0
DA:252,0
BRDA:252,3,0,-
BRDA:252,3,1,-
DA:253,0
DA:256,0
DA:257,0
DA:258,0
DA:259,0
BRDA:259,4,0,-
BRDA:259,4,1,-
DA:261,0
DA:264,0
DA:266,0
DA:268,0
DA:271,0
FN:279,DonationVotingStrategy.setPayout
FNDA:0,DonationVotingStrategy.setPayout
DA:284,0
DA:285,0
BRDA:285,5,0,-
BRDA:285,5,1,-
DA:286,0
DA:289,0
DA:290,0
DA:291,0
DA:292,0
BRDA:292,6,0,-
BRDA:292,6,1,-
DA:293,0
DA:296,0
DA:297,0
DA:299,0
BRDA:299,7,0,-
BRDA:299,7,1,-
DA:300,0
DA:303,0
DA:304,0
DA:307,0
FN:314,DonationVotingStrategy.claim
FNDA:0,DonationVotingStrategy.claim
DA:315,0
DA:316,0
DA:317,0
DA:318,0
DA:319,0
DA:321,0
DA:323,0
DA:325,0
DA:327,0
DA:329,0
FN:339,DonationVotingStrategy.updatePoolTimestamps
FNDA:0,DonationVotingStrategy.updatePoolTimestamps
DA:346,0
DA:347,0
DA:348,0
BRDA:345,8,0,-
BRDA:345,8,1,-
DA:350,0
DA:353,0
DA:354,0
DA:355,0
DA:356,0
DA:358,0
FN:365,DonationVotingStrategy.withdraw
FNDA:0,DonationVotingStrategy.withdraw
DA:366,0
BRDA:366,9,0,-
BRDA:366,9,1,-
DA:367,0
DA:370,0
DA:371,0
BRDA:371,10,0,-
BRDA:371,10,1,-
DA:372,0
DA:377,0
DA:378,0
FN:386,DonationVotingStrategy._isPoolActive
FNDA:0,DonationVotingStrategy._isPoolActive
DA:387,0
BRDA:387,11,0,-
BRDA:387,11,1,-
DA:388,0
DA:390,0
FN:396,DonationVotingStrategy._registerRecipient
FNDA:0,DonationVotingStrategy._registerRecipient
DA:402,0
DA:403,0
DA:404,0
DA:407,0
BRDA:407,12,0,-
BRDA:407,12,1,-
DA:408,0
DA:410,0
BRDA:410,13,0,-
BRDA:410,13,1,-
DA:411,0
DA:414,0
DA:415,0
DA:416,0
BRDA:416,14,0,-
BRDA:416,14,1,-
DA:417,0
DA:421,0
BRDA:421,15,0,-
BRDA:421,15,1,-
DA:422,0
DA:424,0
BRDA:424,16,0,-
BRDA:424,16,1,-
DA:425,0
DA:428,0
DA:431,0
DA:432,0
DA:433,0
DA:435,0
BRDA:435,17,0,-
BRDA:435,17,1,-
DA:436,0
DA:437,0
DA:439,0
DA:440,0
FN:444,DonationVotingStrategy._allocate
FNDA:0,DonationVotingStrategy._allocate
DA:451,0
DA:453,0
DA:455,0
BRDA:455,18,0,-
BRDA:455,18,1,-
DA:456,0
DA:459,0
BRDA:459,19,0,-
BRDA:459,19,1,-
DA:460,0
DA:463,0
BRDA:463,20,0,-
BRDA:463,20,1,-
DA:464,0
DA:467,0
DA:469,0
DA:471,0
FN:474,DonationVotingStrategy._distribute
FNDA:0,DonationVotingStrategy._distribute
DA:481,0
DA:482,0
DA:483,0
DA:485,0
DA:487,0
BRDA:487,21,0,-
BRDA:487,21,1,-
DA:488,0
DA:491,0
DA:493,0
DA:494,0
DA:496,0
DA:498,0
FN:506,DonationVotingStrategy._isIdentityMember
FNDA:0,DonationVotingStrategy._isIdentityMember
DA:507,0
DA:508,0
DA:509,0
FN:514,DonationVotingStrategy._getRecipient
FNDA:0,DonationVotingStrategy._getRecipient
DA:515,0
FNF:18
FNH:0
LF:137
LH:0
BRF:44
BRH:0
end_of_record
TN:
SF:contracts/strategies/nft-winner/NFTVoteWinnerTakeAll.sol
FN:54,NFTVoteWinnerTakeAll.initialize
FNDA:0,NFTVoteWinnerTakeAll.initialize
DA:55,0
DA:56,0
FN:59,NFTVoteWinnerTakeAll.__NFTVoteWinnerStrategy_init
FNDA:0,NFTVoteWinnerTakeAll.__NFTVoteWinnerStrategy_init
DA:62,0
BRDA:62,0,0,-
BRDA:62,0,1,-
DA:63,0
DA:65,0
DA:66,0
DA:67,0
DA:68,0
DA:69,0
FN:76,NFTVoteWinnerTakeAll.getRecipientStatus
FNDA:0,NFTVoteWinnerTakeAll.getRecipientStatus
DA:77,0
BRDA:77,1,0,-
BRDA:77,1,1,-
DA:78,0
DA:80,0
FN:83,NFTVoteWinnerTakeAll.getPayouts
FNDA:0,NFTVoteWinnerTakeAll.getPayouts
DA:84,0
DA:85,0
DA:86,0
FN:89,NFTVoteWinnerTakeAll.isValidAllocator
FNDA:0,NFTVoteWinnerTakeAll.isValidAllocator
DA:90,0
FN:97,NFTVoteWinnerTakeAll._registerRecipient
FNDA:0,NFTVoteWinnerTakeAll._registerRecipient
DA:103,0
DA:105,0
DA:107,0
DA:109,0
FN:112,NFTVoteWinnerTakeAll._allocate
FNDA:0,NFTVoteWinnerTakeAll._allocate
DA:113,0
DA:114,0
DA:115,0
DA:116,0
DA:118,0
BRDA:118,2,0,-
BRDA:118,2,1,-
DA:119,0
DA:122,0
BRDA:122,3,0,-
BRDA:122,3,1,-
DA:123,0
DA:126,0
DA:129,0
DA:133,0
DA:134,0
BRDA:134,4,0,-
BRDA:134,4,1,-
DA:135,0
DA:138,0
FN:141,NFTVoteWinnerTakeAll._distribute
FNDA:0,NFTVoteWinnerTakeAll._distribute
DA:142,0
BRDA:142,5,0,-
BRDA:142,5,1,-
DA:143,0
DA:146,0
DA:147,0
DA:149,0
BRDA:149,6,0,-
BRDA:149,6,1,-
DA:150,0
DA:153,0
DA:154,0
DA:156,0
DA:158,0
FNF:8
FNH:0
LF:44
LH:0
BRF:14
BRH:0
end_of_record
TN:
SF:contracts/strategies/qv-governance/QVGovernanceERC20Votes.sol
FN:37,QVGovernanceERC20Votes.initialize
FNDA:0,QVGovernanceERC20Votes.initialize
DA:38,0
DA:48,0
DA:49,0
FN:63,QVGovernanceERC20Votes.__QVGovernanceERC20Votes_init
FNDA:0,QVGovernanceERC20Votes.__QVGovernanceERC20Votes_init
DA:75,0
DA:85,0
DA:86,0
DA:87,0
DA:92,0
FN:102,QVGovernanceERC20Votes.reviewRecipients
FNDA:0,QVGovernanceERC20Votes.reviewRecipients
DA:108,0
DA:109,0
BRDA:109,0,0,-
BRDA:109,0,1,-
DA:110,0
DA:113,0
DA:114,0
DA:115,0
DA:116,0
BRDA:116,1,0,-
BRDA:116,1,1,-
DA:118,0
DA:122,0
DA:124,0
BRDA:124,2,0,-
BRDA:124,2,1,-
DA:125,0
DA:126,0
DA:128,0
DA:131,0
DA:134,0
FN:142,QVGovernanceERC20Votes.isValidAllocator
FNDA:0,QVGovernanceERC20Votes.isValidAllocator
DA:143,0
FN:154,QVGovernanceERC20Votes._allocate
FNDA:0,QVGovernanceERC20Votes._allocate
DA:155,0
DA:157,0
DA:160,0
BRDA:160,3,0,-
BRDA:160,3,1,-
DA:161,0
DA:165,0
BRDA:165,4,0,-
BRDA:165,4,1,-
DA:166,0
DA:170,0
DA:171,0
DA:173,0
BRDA:173,5,0,-
BRDA:173,5,1,-
DA:174,0
DA:177,0
DA:178,0
DA:180,0
DA:181,0
DA:182,0
DA:183,0
DA:184,0
DA:186,0
DA:187,0
DA:189,0
FNF:5
FNH:0
LF:44
LH:0
BRF:12
BRH:0
end_of_record
TN:
SF:contracts/strategies/qv-hackathon/HackathonQVStrategy.sol
FN:95,HackathonQVStrategy.initialize
FNDA:0,HackathonQVStrategy.initialize
DA:96,0
DA:97,0
DA:99,0
FN:104,HackathonQVStrategy.__HackathonQVStrategy_init
FNDA:0,HackathonQVStrategy.__HackathonQVStrategy_init
DA:107,0
DA:116,0
DA:127,0
DA:129,0
DA:137,0
DA:140,0
BRDA:140,0,0,-
BRDA:140,0,1,-
DA:142,0
DA:146,0
DA:148,0
DA:149,0
BRDA:147,1,0,-
BRDA:147,1,1,-
DA:151,0
FN:164,HackathonQVStrategy.setAllowedRecipientIds
FNDA:0,HackathonQVStrategy.setAllowedRecipientIds
DA:169,0
DA:170,0
DA:171,0
DA:172,0
BRDA:172,2,0,-
BRDA:172,2,1,-
DA:173,0
DA:176,0
DA:179,0
FN:186,HackathonQVStrategy.setPayoutPercentages
FNDA:0,HackathonQVStrategy.setPayoutPercentages
DA:191,0
DA:192,0
DA:195,0
BRDA:195,3,0,-
BRDA:195,3,1,-
DA:196,0
DA:199,0
DA:200,0
DA:201,0
DA:202,0
DA:204,0
DA:208,0
BRDA:208,4,0,-
BRDA:208,4,1,-
DA:209,0
FN:220,HackathonQVStrategy._registerRecipient
FNDA:0,HackathonQVStrategy._registerRecipient
DA:226,0
DA:227,0
DA:229,0
DA:231,0
BRDA:231,5,0,-
BRDA:231,5,1,-
DA:232,0
DA:235,0
BRDA:235,6,0,-
BRDA:235,6,1,-
DA:236,0
DA:239,0
BRDA:239,7,0,-
BRDA:239,7,1,-
DA:240,0
DA:243,0
DA:246,0
DA:247,0
DA:248,0
DA:250,0
BRDA:250,8,0,-
BRDA:250,8,1,-
DA:251,0
DA:252,0
DA:254,0
DA:255,0
FN:263,HackathonQVStrategy._allocate
FNDA:0,HackathonQVStrategy._allocate
DA:264,0
DA:265,0
DA:268,0
BRDA:268,9,0,-
BRDA:268,9,1,-
DA:269,0
DA:272,0
BRDA:272,10,0,-
BRDA:272,10,1,-
DA:273,0
DA:277,0
BRDA:277,11,0,-
BRDA:277,11,1,-
DA:278,0
DA:282,0
DA:283,0
DA:285,0
BRDA:285,12,0,-
BRDA:285,12,1,-
DA:286,0
DA:289,0
DA:290,0
DA:292,0
DA:293,0
DA:294,0
DA:295,0
DA:296,0
DA:298,0
DA:299,0
DA:301,0
DA:303,0
DA:305,0
DA:307,0
BRDA:307,13,0,-
BRDA:307,13,1,-
DA:308,0
DA:310,0
BRDA:310,14,0,-
BRDA:310,14,1,-
DA:312,0
BRDA:312,15,0,-
BRDA:312,15,1,-
DA:313,0
DA:318,0
DA:319,0
DA:320,0
DA:321,0
DA:325,0
DA:326,0
DA:328,0
DA:331,0
DA:332,0
DA:336,0
BRDA:336,16,0,-
BRDA:336,16,1,-
DA:337,0
DA:339,0
DA:340,0
DA:343,0
DA:344,0
DA:346,0
DA:349,0
BRDA:349,17,0,-
BRDA:349,17,1,-
DA:350,0
DA:355,0
DA:360,0
FN:365,HackathonQVStrategy._distribute
FNDA:0,HackathonQVStrategy._distribute
DA:371,0
DA:372,0
DA:373,0
DA:374,0
DA:376,0
BRDA:376,18,0,-
BRDA:376,18,1,-
DA:377,0
DA:380,0
DA:382,0
DA:384,0
DA:386,0
DA:388,0
DA:390,0
FN:400,HackathonQVStrategy._grantEASAttestation
FNDA:0,HackathonQVStrategy._grantEASAttestation
DA:404,0
DA:416,0
FN:434,HackathonQVStrategy.getAttestation
FNDA:0,HackathonQVStrategy.getAttestation
DA:435,0
FN:440,HackathonQVStrategy.getSchema
FNDA:0,HackathonQVStrategy.getSchema
DA:441,0
FN:446,HackathonQVStrategy.isPayable
FNDA:0,HackathonQVStrategy.isPayable
DA:447,0
FN:452,HackathonQVStrategy.isAttestationExpired
FNDA:0,HackathonQVStrategy.isAttestationExpired
DA:453,0
BRDA:453,19,0,-
BRDA:453,19,1,-
DA:454,0
DA:456,0
FN:459,HackathonQVStrategy.onAttest
FNDA:0,HackathonQVStrategy.onAttest
DA:460,0
FN:463,HackathonQVStrategy.onRevoke
FNDA:0,HackathonQVStrategy.onRevoke
DA:464,0
FNF:14
FNH:0
LF:121
LH:0
BRF:40
BRH:0
end_of_record
TN:
SF:contracts/strategies/qv-hackathon/SchemaResolver.sol
FN:27,SchemaResolver.__SchemaResolver_init
FNDA:0,SchemaResolver.__SchemaResolver_init
DA:28,0
BRDA:28,0,0,-
BRDA:28,0,1,-
DA:29,0
DA:32,0
FN:47,SchemaResolver.isPayable
FNDA:0,SchemaResolver.isPayable
DA:48,0
FN:63,SchemaResolver.attest
FNDA:0,SchemaResolver.attest
DA:64,0
FN:70,SchemaResolver.multiAttest
FNDA:0,SchemaResolver.multiAttest
DA:76,0
DA:82,0
DA:84,0
DA:86,0
DA:87,0
BRDA:87,1,0,-
BRDA:87,1,1,-
DA:88,0
DA:92,0
BRDA:92,2,0,-
BRDA:92,2,1,-
DA:93,0
DA:98,0
DA:102,0
FN:108,SchemaResolver.revoke
FNDA:0,SchemaResolver.revoke
DA:109,0
FN:115,SchemaResolver.multiRevoke
FNDA:0,SchemaResolver.multiRevoke
DA:121,0
DA:127,0
DA:129,0
DA:131,0
DA:132,0
BRDA:132,3,0,-
BRDA:132,3,1,-
DA:133,0
DA:137,0
BRDA:137,4,0,-
BRDA:137,4,1,-
DA:138,0
DA:143,0
DA:147,0
FN:179,SchemaResolver._onlyEAS
FNDA:0,SchemaResolver._onlyEAS
DA:180,0
BRDA:180,5,0,-
BRDA:180,5,1,-
DA:181,0
FNF:7
FNH:0
LF:28
LH:0
BRF:12
BRH:0
end_of_record
TN:
SF:contracts/strategies/qv-nft-tiered/QVNftTieredStrategy.sol
FN:33,QVNftTieredStrategy.initialize
FNDA:0,QVNftTieredStrategy.initialize
DA:34,0
DA:43,0
DA:44,0
FN:58,QVNftTieredStrategy.__QV_NFT_TieredStrategy_init
FNDA:0,QVNftTieredStrategy.__QV_NFT_TieredStrategy_init
DA:69,0
DA:80,0
DA:81,0
BRDA:81,0,0,-
BRDA:81,0,1,-
DA:82,0
DA:85,0
DA:86,0
DA:87,0
DA:88,0
DA:90,0
FN:102,QVNftTieredStrategy.isValidAllocator
FNDA:0,QVNftTieredStrategy.isValidAllocator
DA:103,0
FN:110,QVNftTieredStrategy._isValidAllocator
FNDA:0,QVNftTieredStrategy._isValidAllocator
DA:111,0
DA:112,0
DA:113,0
BRDA:113,1,0,-
BRDA:113,1,1,-
DA:114,0
DA:118,0
DA:122,0
FN:129,QVNftTieredStrategy._allocate
FNDA:0,QVNftTieredStrategy._allocate
DA:130,0
DA:131,0
DA:133,0
BRDA:133,2,0,-
BRDA:133,2,1,-
DA:134,0
DA:138,0
BRDA:138,3,0,-
BRDA:138,3,1,-
DA:139,0
DA:143,0
BRDA:143,4,0,-
BRDA:143,4,1,-
DA:144,0
DA:148,0
DA:149,0
DA:151,0
BRDA:151,5,0,-
BRDA:151,5,1,-
DA:152,0
DA:155,0
DA:156,0
DA:158,0
DA:159,0
DA:160,0
DA:161,0
DA:162,0
DA:164,0
DA:165,0
DA:168,0
DA:170,0
FNF:5
FNH:0
LF:42
LH:0
BRF:12
BRH:0
end_of_record
TN:
SF:contracts/strategies/qv-simple/QVSimpleStrategy.sol
FN:120,QVSimpleStrategy.initialize
FNDA:0,QVSimpleStrategy.initialize
DA:121,0
DA:129,0
DA:130,0
FN:143,QVSimpleStrategy.__QVSimpleStrategy_init
FNDA:0,QVSimpleStrategy.__QVSimpleStrategy_init
DA:153,0
DA:155,0
DA:156,0
DA:159,0
DA:160,0
BRDA:158,0,0,-
BRDA:158,0,1,-
DA:162,0
DA:165,0
DA:166,0
DA:167,0
DA:168,0
DA:169,0
DA:171,0
FN:182,QVSimpleStrategy.getRecipient
FNDA:0,QVSimpleStrategy.getRecipient
DA:183,0
FN:188,QVSimpleStrategy.getInternalRecipientStatus
FNDA:0,QVSimpleStrategy.getInternalRecipientStatus
DA:189,0
FN:194,QVSimpleStrategy.getRecipientStatus
FNDA:0,QVSimpleStrategy.getRecipientStatus
DA:195,0
DA:196,0
BRDA:196,1,0,-
BRDA:196,1,1,-
DA:197,0
DA:199,0
FN:206,QVSimpleStrategy.isValidAllocator
FNDA:0,QVSimpleStrategy.isValidAllocator
DA:207,0
FN:217,QVSimpleStrategy.reviewRecipients
FNDA:0,QVSimpleStrategy.reviewRecipients
DA:223,0
DA:224,0
BRDA:224,2,0,-
BRDA:224,2,1,-
DA:225,0
DA:228,0
DA:229,0
DA:230,0
DA:231,0
BRDA:231,3,0,-
BRDA:231,3,1,-
DA:233,0
DA:236,0
DA:238,0
DA:240,0
DA:243,0
FN:251,QVSimpleStrategy.getPayouts
FNDA:0,QVSimpleStrategy.getPayouts
DA:257,0
DA:258,0
DA:259,0
DA:261,0
DA:262,0
DA:263,0
DA:266,0
DA:268,0
DA:271,0
DA:275,0
FN:283,QVSimpleStrategy.updatePoolTimestamps
FNDA:0,QVSimpleStrategy.updatePoolTimestamps
DA:290,0
DA:291,0
DA:292,0
BRDA:289,4,0,-
BRDA:289,4,1,-
DA:294,0
DA:297,0
DA:298,0
DA:299,0
DA:300,0
DA:302,0
FN:314,QVSimpleStrategy._registerRecipient
FNDA:0,QVSimpleStrategy._registerRecipient
DA:321,0
DA:322,0
DA:323,0
DA:326,0
BRDA:326,5,0,-
BRDA:326,5,1,-
DA:327,0
DA:329,0
BRDA:329,6,0,-
BRDA:329,6,1,-
DA:330,0
DA:333,0
DA:334,0
DA:335,0
BRDA:335,7,0,-
BRDA:335,7,1,-
DA:336,0
DA:340,0
BRDA:340,8,0,-
BRDA:340,8,1,-
DA:341,0
DA:344,0
BRDA:344,9,0,-
BRDA:344,9,1,-
DA:345,0
DA:348,0
DA:351,0
DA:352,0
DA:353,0
DA:355,0
BRDA:355,10,0,-
BRDA:355,10,1,-
DA:356,0
DA:357,0
DA:359,0
DA:360,0
FN:368,QVSimpleStrategy._allocate
FNDA:1,QVSimpleStrategy._allocate
DA:369,1
DA:372,1
BRDA:372,11,0,-
BRDA:372,11,1,1
DA:373,0
DA:377,1
BRDA:377,12,0,1
BRDA:377,12,1,-
DA:378,1
DA:382,0
BRDA:382,13,0,-
BRDA:382,13,1,-
DA:383,0
DA:387,0
DA:388,0
DA:390,0
BRDA:390,14,0,-
BRDA:390,14,1,-
DA:391,0
DA:394,0
DA:395,0
DA:397,0
DA:398,0
DA:399,0
DA:400,0
DA:401,0
DA:403,0
DA:404,0
DA:406,0
FN:412,QVSimpleStrategy._distribute
FNDA:0,QVSimpleStrategy._distribute
DA:419,0
DA:421,0
DA:422,0
DA:423,0
DA:424,0
DA:426,0
BRDA:426,15,0,-
BRDA:426,15,1,-
DA:427,0
DA:430,0
DA:432,0
DA:433,0
DA:435,0
DA:437,0
DA:439,0
FN:447,QVSimpleStrategy._isIdentityMember
FNDA:0,QVSimpleStrategy._isIdentityMember
DA:448,0
DA:449,0
DA:450,0
FN:455,QVSimpleStrategy._getRecipient
FNDA:0,QVSimpleStrategy._getRecipient
DA:456,0
FN:466,QVSimpleStrategy._calculateVotes
FNDA:0,QVSimpleStrategy._calculateVotes
DA:467,0
FN:473,QVSimpleStrategy._sqrt
FNDA:0,QVSimpleStrategy._sqrt
DA:474,0
DA:475,0
DA:476,0
DA:477,0
DA:478,0
FNF:16
FNH:1
LF:121
LH:4
BRF:32
BRH:2
end_of_record
TN:
SF:contracts/strategies/rfp-committee/RPFCommiteeStrategy.sol
FN:31,RFPCommiteeStrategy.initialize
FNDA:0,RFPCommiteeStrategy.initialize
DA:32,0
DA:33,0
DA:34,0
FN:37,RFPCommiteeStrategy.__RPFCommiteeStrategy_init
FNDA:0,RFPCommiteeStrategy.__RPFCommiteeStrategy_init
DA:44,0
DA:45,0
FN:55,RFPCommiteeStrategy._allocate
FNDA:0,RFPCommiteeStrategy._allocate
DA:56,0
BRDA:56,0,0,-
BRDA:56,0,1,-
DA:57,0
DA:60,0
DA:61,0
BRDA:61,1,0,-
BRDA:61,1,1,-
DA:62,0
DA:65,0
DA:67,0
DA:68,0
DA:69,0
DA:71,0
BRDA:71,2,0,-
BRDA:71,2,1,-
DA:72,0
DA:73,0
FNF:3
FNH:0
LF:17
LH:0
BRF:6
BRH:0
end_of_record
TN:
SF:contracts/strategies/rfp-simple/RFPSimpleStrategy.sol
FN:79,RFPSimpleStrategy.initialize
FNDA:0,RFPSimpleStrategy.initialize
DA:80,0
DA:81,0
FN:84,RFPSimpleStrategy.__RFPSimpleStrategy_init
FNDA:0,RFPSimpleStrategy.__RFPSimpleStrategy_init
DA:87,0
DA:88,0
DA:89,0
DA:90,0
DA:91,0
FN:100,RFPSimpleStrategy.getRecipient
FNDA:0,RFPSimpleStrategy.getRecipient
DA:101,0
FN:106,RFPSimpleStrategy.getRecipientStatus
FNDA:0,RFPSimpleStrategy.getRecipientStatus
DA:107,0
FN:111,RFPSimpleStrategy.getPayouts
FNDA:0,RFPSimpleStrategy.getPayouts
DA:112,0
DA:113,0
DA:115,0
FN:120,RFPSimpleStrategy.isValidAllocator
FNDA:0,RFPSimpleStrategy.isValidAllocator
DA:121,0
FN:126,RFPSimpleStrategy.getMilestoneStatus
FNDA:0,RFPSimpleStrategy.getMilestoneStatus
DA:127,0
FN:136,RFPSimpleStrategy.setMilestones
FNDA:0,RFPSimpleStrategy.setMilestones
DA:137,0
BRDA:137,0,0,-
BRDA:137,0,1,-
DA:138,0
DA:141,0
DA:143,0
DA:144,0
DA:145,0
DA:146,0
DA:149,0
DA:153,0
BRDA:153,1,0,-
BRDA:153,1,1,-
DA:154,0
DA:157,0
FN:162,RFPSimpleStrategy.submitMilestone
FNDA:0,RFPSimpleStrategy.submitMilestone
DA:163,0
BRDA:163,2,0,-
BRDA:163,2,1,-
DA:164,0
DA:167,0
BRDA:167,3,0,-
BRDA:167,3,1,-
DA:168,0
DA:171,0
DA:172,0
DA:173,0
DA:175,0
FN:180,RFPSimpleStrategy.increaseMaxBid
FNDA:0,RFPSimpleStrategy.increaseMaxBid
DA:181,0
FN:186,RFPSimpleStrategy.rejectMilestone
FNDA:0,RFPSimpleStrategy.rejectMilestone
DA:187,0
BRDA:187,4,0,-
BRDA:187,4,1,-
DA:188,0
DA:191,0
DA:192,0
FN:197,RFPSimpleStrategy.withdraw
FNDA:0,RFPSimpleStrategy.withdraw
DA:198,0
DA:199,0
FN:209,RFPSimpleStrategy._registerRecipient
FNDA:0,RFPSimpleStrategy._registerRecipient
DA:215,0
BRDA:215,5,0,-
BRDA:215,5,1,-
DA:216,0
DA:219,0
DA:220,0
DA:221,0
DA:222,0
DA:225,0
BRDA:225,6,0,-
BRDA:225,6,1,-
DA:226,0
DA:229,0
BRDA:229,7,0,-
BRDA:229,7,1,-
DA:230,0
DA:233,0
DA:235,0
DA:236,0
BRDA:236,8,0,-
BRDA:236,8,1,-
DA:237,0
DA:241,0
BRDA:241,9,0,-
BRDA:241,9,1,-
DA:242,0
DA:246,0
BRDA:246,10,0,-
BRDA:246,10,1,-
DA:247,0
DA:248,0
BRDA:248,11,0,-
BRDA:248,11,1,-
DA:249,0
DA:252,0
DA:259,0
DA:260,0
DA:262,0
FN:268,RFPSimpleStrategy._allocate
FNDA:0,RFPSimpleStrategy._allocate
DA:275,0
BRDA:275,12,0,-
BRDA:275,12,1,-
DA:276,0
DA:279,0
DA:282,0
BRDA:282,13,0,-
BRDA:282,13,1,-
DA:283,0
DA:285,0
BRDA:285,14,0,-
BRDA:285,14,1,-
DA:286,0
DA:289,0
DA:290,0
DA:292,0
DA:294,0
FN:300,RFPSimpleStrategy._distribute
FNDA:0,RFPSimpleStrategy._distribute
DA:306,0
BRDA:306,15,0,-
BRDA:306,15,1,-
DA:307,0
DA:310,0
BRDA:310,16,0,-
BRDA:310,16,1,-
DA:311,0
DA:314,0
DA:315,0
DA:316,0
DA:318,0
DA:320,0
DA:321,0
DA:323,0
DA:324,0
DA:326,0
FN:332,RFPSimpleStrategy._isIdentityMember
FNDA:0,RFPSimpleStrategy._isIdentityMember
DA:333,0
DA:334,0
DA:335,0
FN:340,RFPSimpleStrategy._getRecipient
FNDA:0,RFPSimpleStrategy._getRecipient
DA:341,0
DA:343,0
BRDA:343,17,0,-
BRDA:343,17,1,-
DA:344,0
FN:351,RFPSimpleStrategy._increaseMaxBid
FNDA:0,RFPSimpleStrategy._increaseMaxBid
DA:352,0
BRDA:352,18,0,-
BRDA:352,18,1,-
DA:353,0
DA:355,0
DA:357,0
FNF:18
FNH:0
LF:98
LH:0
BRF:38
BRH:0
end_of_record
TN:
SF:test/foundry/shared/Accounts.sol
FN:11,Accounts.registry_owner
FNDA:0,Accounts.registry_owner
DA:12,0
FN:15,Accounts.allo_owner
FNDA:0,Accounts.allo_owner
DA:16,0
FN:19,Accounts.allo_treasury
FNDA:0,Accounts.allo_treasury
DA:20,0
FN:27,Accounts.nullIdentity_owner
FNDA:0,Accounts.nullIdentity_owner
DA:28,0
FN:31,Accounts.nullIdentity_notAMember
FNDA:0,Accounts.nullIdentity_notAMember
DA:32,0
FN:35,Accounts.nullIdentity_member1
FNDA:0,Accounts.nullIdentity_member1
DA:36,0
FN:39,Accounts.nullIdentity_member2
FNDA:0,Accounts.nullIdentity_member2
DA:40,0
FN:43,Accounts.nullIdentity_members
FNDA:0,Accounts.nullIdentity_members
DA:44,0
FN:51,Accounts.pool_admin
FNDA:0,Accounts.pool_admin
DA:52,0
FN:55,Accounts.pool_notAManager
FNDA:0,Accounts.pool_notAManager
DA:56,0
FN:59,Accounts.pool_manager1
FNDA:0,Accounts.pool_manager1
DA:60,0
FN:63,Accounts.pool_manager2
FNDA:0,Accounts.pool_manager2
DA:64,0
FN:67,Accounts.pool_managers
FNDA:0,Accounts.pool_managers
DA:68,0
DA:69,0
DA:70,0
DA:72,0
FN:79,Accounts.identity1_owner
FNDA:0,Accounts.identity1_owner
DA:80,0
FN:83,Accounts.identity1_notAMember
FNDA:0,Accounts.identity1_notAMember
DA:84,0
FN:87,Accounts.identity1_member1
FNDA:0,Accounts.identity1_member1
DA:88,0
FN:91,Accounts.identity1_member2
FNDA:0,Accounts.identity1_member2
DA:92,0
FN:95,Accounts.identity1_members
FNDA:0,Accounts.identity1_members
DA:96,0
DA:97,0
DA:98,0
DA:100,0
FN:107,Accounts.identity2_owner
FNDA:0,Accounts.identity2_owner
DA:108,0
FN:111,Accounts.identity2_notAMember
FNDA:0,Accounts.identity2_notAMember
DA:112,0
FN:115,Accounts.identity2_member1
FNDA:0,Accounts.identity2_member1
DA:116,0
FN:119,Accounts.identity2_member2
FNDA:0,Accounts.identity2_member2
DA:120,0
FN:123,Accounts.identity2_members
FNDA:0,Accounts.identity2_members
DA:124,0
DA:125,0
DA:126,0
DA:128,0
FNF:23
FNH:0
LF:32
LH:0
BRF:0
BRH:0
end_of_record
TN:
SF:test/foundry/shared/AlloSetup.sol
FN:10,AlloSetup.__AlloSetup
FNDA:0,AlloSetup.__AlloSetup
DA:11,0
DA:13,0
FN:22,AlloSetup.allo
FNDA:0,AlloSetup.allo
DA:23,0
FNF:2
FNH:0
LF:3
LH:0
BRF:0
BRH:0
end_of_record
TN:
SF:test/foundry/shared/RegistrySetup.sol
FN:36,RegistrySetupFull.__RegistrySetupFull
FNDA:0,RegistrySetupFull.__RegistrySetupFull
DA:37,0
DA:39,0
DA:40,0
DA:44,0
DA:46,0
DA:47,0
DA:50,0
DA:52,0
DA:53,0
DA:56,0
FN:59,RegistrySetupFull.poolIdentity_id
FNDA:0,RegistrySetupFull.poolIdentity_id
DA:60,0
FN:63,RegistrySetupFull.poolIdentity_anchor
FNDA:0,RegistrySetupFull.poolIdentity_anchor
DA:64,0
FN:67,RegistrySetupFull.identity1_id
FNDA:0,RegistrySetupFull.identity1_id
DA:68,0
FN:71,RegistrySetupFull.identity1_anchor
FNDA:0,RegistrySetupFull.identity1_anchor
DA:72,0
FN:75,RegistrySetupFull.identity2_id
FNDA:0,RegistrySetupFull.identity2_id
DA:76,0
FN:79,RegistrySetupFull.identity2_anchor
FNDA:0,RegistrySetupFull.identity2_anchor
DA:80,0
FN:15,RegistrySetup.__RegistrySetup
FNDA:0,RegistrySetup.__RegistrySetup
DA:16,0
FN:19,RegistrySetup.registry
FNDA:0,RegistrySetup.registry
DA:20,0
FNF:9
FNH:0
LF:18
LH:0
BRF:0
BRH:0
end_of_record
TN:
SF:test/foundry/utils/MockToken.sol
FN:10,MockToken.mint
FNDA:1,MockToken.mint
DA:11,1
FNF:1
FNH:1
LF:1
LH:1
BRF:0
BRH:0
end_of_record
TN:
SF:test/foundry/utils/TestUtilities.sol
FN:8,TestUtilities._testUtilGenerateAnchor
FNDA:0,TestUtilities._testUtilGenerateAnchor
DA:9,0
DA:11,0
FN:16,TestUtilities._testUtilGenerateIdentityId
FNDA:0,TestUtilities._testUtilGenerateIdentityId
DA:17,0
FNF:2
FNH:0
LF:3
LH:0
BRF:0
BRH:0
end_of_record
